#
# A fatal error has been detected by the Java Runtime Environment:
#
#  EXCEPTION_ACCESS_VIOLATION (0xc0000005) at pc=0x000000005f432615, pid=6840, tid=0x0000000000001198
#
# JRE version: Java(TM) SE Runtime Environment (8.0_144-b01) (build 1.8.0_144-b01)
# Java VM: Java HotSpot(TM) 64-Bit Server VM (25.144-b01 mixed mode windows-amd64 compressed oops)
# Problematic frame:
# C  0x000000005f432615
#
# Failed to write core dump. Minidumps are not enabled by default on client versions of Windows
#
# If you would like to submit a bug report, please visit:
#   http://bugreport.java.com/bugreport/crash.jsp
# The crash happened outside the Java Virtual Machine in native code.
# See problematic frame for where to report the bug.
#

---------------  T H R E A D  ---------------

Current thread (0x0000000005413800):  JavaThread "main" [_thread_in_native, id=4504, stack(0x0000000005310000,0x0000000005410000)]

siginfo: ExceptionCode=0xc0000005, reading address 0x0000000000000000

Registers:
RAX=0x000000006098a870, RBX=0x000000005f370000, RCX=0x0000000000000000, RDX=0x0000000000000800
RSP=0x000000000540ecc0, RBP=0x000000003dcccccd, RSI=0x0000000000000000, RDI=0x0000000000000000
R8 =0x0000000000000000, R9 =0x0000000000000800, R10=0x0000000063b36040, R11=0x0000000000000000
R12=0x0000000000000000, R13=0x0000000000000000, R14=0x0000000000000007, R15=0x000000006098a870
RIP=0x000000005f432615, EFLAGS=0x0000000000010246

Top of Stack: (sp=0x000000000540ecc0)
0x000000000540ecc0:   000000005fb2fb68 0000000000000000
0x000000000540ecd0:   0000000000000800 000000005f370000
0x000000000540ece0:   0000000063b36040 000000006e1ba349
0x000000000540ecf0:   000000005f370000 0000000063b36040
0x000000000540ed00:   0000000000000800 000000005f370000
0x000000000540ed10:   000000000540ed80 000000006e1df14a
0x000000000540ed20:   0000000063b36040 000000005f3c7768
0x000000000540ed30:   0000000000000007 0000000063b36040
0x000000000540ed40:   0000000000000800 0000000000000000
0x000000000540ed50:   000000005f370000 000000006e1b6c1d
0x000000000540ed60:   000000005f370000 0000000000000000
0x000000000540ed70:   0000000000000800 0000000000000001
0x000000000540ed80:   00100000000c0003 0080000000000000
0x000000000540ed90:   00000000000000fc 000000006e2a7d25
0x000000000540eda0:   000000005f370000 0000000000000007
0x000000000540edb0:   0000000000000000 0000000000000007 

Instructions: (pc=0x000000005f432615)
0x000000005f4325f5:   78 14 48 be 40 82 3c 5f 00 00 00 00 48 8b 36 48
0x000000005f432605:   8b b6 88 01 00 00 48 8b f9 48 c1 e7 04 48 03 f7
0x000000005f432615:   8b 3e 8b 6e 04 89 78 18 89 68 1c 8b 7e 08 8b 6e
0x000000005f432625:   0c 89 78 20 89 68 24 48 83 c0 28 ff c1 ff ca 0f 


Register to memory mapping:

RAX=0x000000006098a870 is an unknown value
RBX=0x000000005f370000 is an unknown value
RCX=0x0000000000000000 is an unknown value
RDX=0x0000000000000800 is an unknown value
RSP=0x000000000540ecc0 is pointing into the stack for thread: 0x0000000005413800
RBP=0x000000003dcccccd is an unknown value
RSI=0x0000000000000000 is an unknown value
RDI=0x0000000000000000 is an unknown value
R8 =0x0000000000000000 is an unknown value
R9 =0x0000000000000800 is an unknown value
R10=0x0000000063b36040 is an unknown value
R11=0x0000000000000000 is an unknown value
R12=0x0000000000000000 is an unknown value
R13=0x0000000000000000 is an unknown value
R14=0x0000000000000007 is an unknown value
R15=0x000000006098a870 is an unknown value


Stack: [0x0000000005310000,0x0000000005410000],  sp=0x000000000540ecc0,  free space=1019k
Native frames: (J=compiled Java code, j=interpreted, Vv=VM code, C=native code)
C  0x000000005f432615

Java frames: (J=compiled Java code, j=interpreted, Vv=VM code)
j  org.lwjgl.opengl.GL11.nglDrawArrays(IIIJ)V+0
j  org.lwjgl.opengl.GL11.glDrawArrays(III)V+20
j  VoxelSet.crender()V+87
j  Tile.draw()V+171
j  TileSet.draw()V+120
j  Tile.draw()V+161
j  TileSet.draw()V+120
j  App.<init>()V+1365
j  App.main([Ljava/lang/String;)V+3
v  ~StubRoutines::call_stub

---------------  P R O C E S S  ---------------

Java Threads: ( => current thread )
  0x0000000068671800 JavaThread "LWJGL Timer" daemon [_thread_blocked, id=6628, stack(0x000000006a6c0000,0x000000006a7c0000)]
  0x0000000068671000 JavaThread "pool-1-thread-10" [_thread_blocked, id=13552, stack(0x00000000695f0000,0x00000000696f0000)]
  0x000000006866f800 JavaThread "pool-1-thread-9" [_thread_blocked, id=6692, stack(0x00000000694f0000,0x00000000695f0000)]
  0x0000000066746800 JavaThread "pool-1-thread-8" [_thread_blocked, id=5472, stack(0x0000000069210000,0x0000000069310000)]
  0x0000000066745800 JavaThread "pool-1-thread-7" [_thread_blocked, id=580, stack(0x0000000069110000,0x0000000069210000)]
  0x0000000067d65000 JavaThread "pool-1-thread-6" [_thread_blocked, id=2444, stack(0x0000000069010000,0x0000000069110000)]
  0x0000000067d5c800 JavaThread "pool-1-thread-5" [_thread_blocked, id=1688, stack(0x0000000068f10000,0x0000000069010000)]
  0x0000000067af5000 JavaThread "pool-1-thread-4" [_thread_blocked, id=9564, stack(0x0000000068e10000,0x0000000068f10000)]
  0x0000000067af4800 JavaThread "pool-1-thread-3" [_thread_blocked, id=5676, stack(0x0000000068d10000,0x0000000068e10000)]
  0x000000006641b800 JavaThread "pool-1-thread-2" [_thread_blocked, id=11608, stack(0x0000000068c10000,0x0000000068d10000)]
  0x0000000066279000 JavaThread "pool-1-thread-1" [_thread_blocked, id=1492, stack(0x0000000068b10000,0x0000000068c10000)]
  0x000000006620a000 JavaThread "AWT-Windows" daemon [_thread_in_native, id=10992, stack(0x0000000066a30000,0x0000000066b30000)]
  0x0000000066208800 JavaThread "AWT-Shutdown" [_thread_blocked, id=11876, stack(0x0000000066930000,0x0000000066a30000)]
  0x0000000066202800 JavaThread "Java2D Disposer" daemon [_thread_blocked, id=8676, stack(0x0000000066830000,0x0000000066930000)]
  0x000000005dd2c800 JavaThread "Service Thread" daemon [_thread_blocked, id=10064, stack(0x000000005eae0000,0x000000005ebe0000)]
  0x000000005dc8f000 JavaThread "C1 CompilerThread3" daemon [_thread_blocked, id=5612, stack(0x000000005e9e0000,0x000000005eae0000)]
  0x000000005dc8e800 JavaThread "C2 CompilerThread2" daemon [_thread_blocked, id=6364, stack(0x000000005e8e0000,0x000000005e9e0000)]
  0x000000005dc8d800 JavaThread "C2 CompilerThread1" daemon [_thread_blocked, id=5752, stack(0x000000005e7e0000,0x000000005e8e0000)]
  0x000000005dc87000 JavaThread "C2 CompilerThread0" daemon [_thread_in_native, id=12292, stack(0x000000005e6e0000,0x000000005e7e0000)]
  0x000000005dc79800 JavaThread "JDWP Command Reader" daemon [_thread_in_native, id=7956, stack(0x000000005e5e0000,0x000000005e6e0000)]
  0x000000005dc77000 JavaThread "JDWP Event Helper Thread" daemon [_thread_blocked, id=4100, stack(0x000000005e4e0000,0x000000005e5e0000)]
  0x000000005dc72800 JavaThread "JDWP Transport Listener: dt_socket" daemon [_thread_blocked, id=13712, stack(0x000000005e3e0000,0x000000005e4e0000)]
  0x000000005dc16000 JavaThread "Attach Listener" daemon [_thread_blocked, id=14092, stack(0x000000005e2e0000,0x000000005e3e0000)]
  0x000000005dc15000 JavaThread "Signal Dispatcher" daemon [_thread_blocked, id=13788, stack(0x000000005e1e0000,0x000000005e2e0000)]
  0x000000005bd13800 JavaThread "Finalizer" daemon [_thread_blocked, id=13404, stack(0x000000005dfe0000,0x000000005e0e0000)]
  0x000000005bd0c800 JavaThread "Reference Handler" daemon [_thread_blocked, id=5284, stack(0x000000005dae0000,0x000000005dbe0000)]
=>0x0000000005413800 JavaThread "main" [_thread_in_native, id=4504, stack(0x0000000005310000,0x0000000005410000)]

Other Threads:
  0x000000005bd08000 VMThread [stack: 0x000000005d9e0000,0x000000005dae0000] [id=9500]
  0x000000005dd55000 WatcherThread [stack: 0x000000005ebe0000,0x000000005ece0000] [id=3076]

VM state:not at safepoint (normal execution)

VM Mutex/Monitor currently owned by a thread: None

Heap:
 PSYoungGen      total 611328K, used 221225K [0x0000000580100000, 0x00000005aab00000, 0x0000000800000000)
  eden space 524288K, 42% used [0x0000000580100000,0x000000058d90a7f8,0x00000005a0100000)
  from space 87040K, 0% used [0x00000005a5600000,0x00000005a5600000,0x00000005aab00000)
  to   space 87040K, 0% used [0x00000005a0100000,0x00000005a0100000,0x00000005a5600000)
 ParOldGen       total 1396736K, used 0K [0x0000000080200000, 0x00000000d5600000, 0x0000000580100000)
  object space 1396736K, 0% used [0x0000000080200000,0x0000000080200000,0x00000000d5600000)
 Metaspace       used 8685K, capacity 8873K, committed 9216K, reserved 1056768K
  class space    used 866K, capacity 927K, committed 1024K, reserved 1048576K

Card table byte_map: [0x00000000148d0000,0x00000000184d0000] byte_map_base: 0x00000000144cf000

Marking Bits: (ParMarkBitMap*) 0x000000006fe4d850
 Begin Bits: [0x000000001b4d0000, 0x00000000394c8000)
 End Bits:   [0x00000000394c8000, 0x00000000574c0000)

Polling page: 0x0000000004e20000

CodeCache: size=245760Kb used=3560Kb max_used=3575Kb free=242199Kb
 bounds [0x0000000005510000, 0x00000000058a0000, 0x0000000014510000]
 total_blobs=1288 nmethods=783 adapters=426
 compilation: enabled

Compilation events (10 events):
Event: 2.000 Thread 0x000000005dc87000 nmethod 742 0x0000000005873050 code [0x00000000058731a0, 0x00000000058733d8]
Event: 2.000 Thread 0x000000005dc87000  781 %     4       TileLoader::genFloatArray @ 73 (930 bytes)
Event: 2.003 Thread 0x000000005dc8e800 nmethod 762 0x0000000005880010 code [0x00000000058801a0, 0x00000000058806a8]
Event: 2.010 Thread 0x000000005dc8f000  782       3       java.nio.Bits::copyFromArray (70 bytes)
Event: 2.010 Thread 0x000000005dc8f000 nmethod 782 0x000000000587f9d0 code [0x000000000587fb40, 0x000000000587fec8]
Event: 2.012 Thread 0x000000005dc8f000  783   !   3       FloatBufferPool::getBuffer (127 bytes)
Event: 2.013 Thread 0x000000005dc8f000 nmethod 783 0x0000000005885490 code [0x0000000005885860, 0x0000000005887a48]
Event: 2.013 Thread 0x000000005dc8f000  784       3       java.nio.FloatBuffer::put (9 bytes)
Event: 2.014 Thread 0x000000005dc8f000 nmethod 784 0x0000000005875e90 code [0x0000000005876000, 0x0000000005876248]
Event: 2.014 Thread 0x000000005dc8f000  785       3       java.nio.DirectFloatBufferU::put (157 bytes)

GC Heap History (0 events):
No events

Deoptimization events (2 events):
Event: 1.627 Thread 0x0000000005413800 Uncommon trap: reason=unstable_if action=reinterpret pc=0x00000000056e8dc0 method=java.lang.CharacterData.of(I)Ljava/lang/CharacterData; @ 4
Event: 1.669 Thread 0x0000000005413800 Uncommon trap: reason=unstable_if action=reinterpret pc=0x00000000056e4450 method=java.lang.String.indexOf([CII[CIII)I @ 134

Internal exceptions (10 events):
Event: 1.288 Thread 0x0000000005413800 Exception <a 'java/security/PrivilegedActionException'> (0x0000000580567f28) thrown at [C:\re\workspace\8-2-build-windows-amd64-cygwin\jdk8u144\9417\hotspot\src\share\vm\prims\jvm.cpp, line 1390]
Event: 1.288 Thread 0x0000000005413800 Exception <a 'java/security/PrivilegedActionException'> (0x0000000580568138) thrown at [C:\re\workspace\8-2-build-windows-amd64-cygwin\jdk8u144\9417\hotspot\src\share\vm\prims\jvm.cpp, line 1390]
Event: 1.289 Thread 0x0000000005413800 Exception <a 'java/security/PrivilegedActionException'> (0x000000058056c048) thrown at [C:\re\workspace\8-2-build-windows-amd64-cygwin\jdk8u144\9417\hotspot\src\share\vm\prims\jvm.cpp, line 1390]
Event: 1.289 Thread 0x0000000005413800 Exception <a 'java/security/PrivilegedActionException'> (0x000000058056c258) thrown at [C:\re\workspace\8-2-build-windows-amd64-cygwin\jdk8u144\9417\hotspot\src\share\vm\prims\jvm.cpp, line 1390]
Event: 1.312 Thread 0x0000000005413800 Exception <a 'java/io/FileNotFoundException'> (0x000000058056f0f8) thrown at [C:\re\workspace\8-2-build-windows-amd64-cygwin\jdk8u144\9417\hotspot\src\share\vm\prims\jni.cpp, line 709]
Event: 1.339 Thread 0x0000000005413800 Exception <a 'java/lang/NoSuchFieldError': method resolution failed> (0x000000058063c118) thrown at [C:\re\workspace\8-2-build-windows-amd64-cygwin\jdk8u144\9417\hotspot\src\share\vm\prims\methodHandles.cpp, line 1146]
Event: 1.340 Thread 0x0000000005413800 Exception <a 'java/lang/NoSuchFieldError': method resolution failed> (0x0000000580649468) thrown at [C:\re\workspace\8-2-build-windows-amd64-cygwin\jdk8u144\9417\hotspot\src\share\vm\prims\methodHandles.cpp, line 1146]
Event: 1.404 Thread 0x0000000005413800 Exception <a 'java/io/FileNotFoundException'> (0x000000058081c4e0) thrown at [C:\re\workspace\8-2-build-windows-amd64-cygwin\jdk8u144\9417\hotspot\src\share\vm\prims\jni.cpp, line 709]
Event: 1.423 Thread 0x0000000005413800 Exception <a 'java/io/FileNotFoundException'> (0x0000000580848210) thrown at [C:\re\workspace\8-2-build-windows-amd64-cygwin\jdk8u144\9417\hotspot\src\share\vm\prims\jni.cpp, line 709]
Event: 1.423 Thread 0x0000000005413800 Exception <a 'java/lang/NullPointerException'> (0x00000005808486d8) thrown at [C:\re\workspace\8-2-build-windows-amd64-cygwin\jdk8u144\9417\hotspot\src\share\vm\interpreter\linkResolver.cpp, line 1197]

Events (10 events):
Event: 2.012 Thread 0x0000000067d5c800 DEOPT PACKING pc=0x00000000058393ff sp=0x000000006900f2a0
Event: 2.012 Thread 0x0000000067d5c800 DEOPT UNPACKING pc=0x000000000555787f sp=0x000000006900f068 mode 0
Event: 2.012 Thread 0x000000006866f800 DEOPT PACKING pc=0x00000000058393ff sp=0x00000000695eee60
Event: 2.012 Thread 0x0000000066745800 DEOPT PACKING pc=0x00000000058395f4 sp=0x000000006920eb70
Event: 2.012 Thread 0x000000006866f800 DEOPT UNPACKING pc=0x000000000555787f sp=0x00000000695eec28 mode 0
Event: 2.012 Thread 0x0000000066745800 DEOPT UNPACKING pc=0x000000000555787f sp=0x000000006920e938 mode 0
Event: 2.013 Thread 0x0000000067d5c800 DEOPT PACKING pc=0x0000000005827d3e sp=0x000000006900f1a0
Event: 2.013 Thread 0x0000000067d5c800 DEOPT UNPACKING pc=0x000000000555787f sp=0x000000006900f068 mode 0
Event: 2.014 Thread 0x0000000067d65000 DEOPT PACKING pc=0x00000000058393ff sp=0x000000006910ef80
Event: 2.014 Thread 0x0000000067d65000 DEOPT UNPACKING pc=0x000000000555787f sp=0x000000006910ed48 mode 0


Dynamic libraries:
0x00007ff798ba0000 - 0x00007ff798bd7000 	C:\Program Files\Java\jdk1.8.0_144\bin\java.exe
0x00007ffb70910000 - 0x00007ffb70af0000 	C:\WINDOWS\SYSTEM32\ntdll.dll
0x00007ffb6e7d0000 - 0x00007ffb6e87e000 	C:\WINDOWS\System32\KERNEL32.DLL
0x00007ffb6d6f0000 - 0x00007ffb6d956000 	C:\WINDOWS\System32\KERNELBASE.dll
0x00007ffb6e4f0000 - 0x00007ffb6e591000 	C:\WINDOWS\System32\ADVAPI32.dll
0x00007ffb6ead0000 - 0x00007ffb6eb6d000 	C:\WINDOWS\System32\msvcrt.dll
0x00007ffb707d0000 - 0x00007ffb7082b000 	C:\WINDOWS\System32\sechost.dll
0x00007ffb6e880000 - 0x00007ffb6e99f000 	C:\WINDOWS\System32\RPCRT4.dll
0x00007ffb6e040000 - 0x00007ffb6e1cf000 	C:\WINDOWS\System32\USER32.dll
0x00007ffb6ceb0000 - 0x00007ffb6ced0000 	C:\WINDOWS\System32\win32u.dll
0x00007ffb706d0000 - 0x00007ffb706f8000 	C:\WINDOWS\System32\GDI32.dll
0x00007ffb6cd10000 - 0x00007ffb6cea3000 	C:\WINDOWS\System32\gdi32full.dll
0x00007ffb6da10000 - 0x00007ffb6daab000 	C:\WINDOWS\System32\msvcp_win.dll
0x00007ffb6dab0000 - 0x00007ffb6dba4000 	C:\WINDOWS\System32\ucrtbase.dll
0x00007ffb61aa0000 - 0x00007ffb61d09000 	C:\WINDOWS\WinSxS\amd64_microsoft.windows.common-controls_6595b64144ccf1df_6.0.16299.1087_none_0f9074b65a6589b7\COMCTL32.dll
0x00007ffb6e1e0000 - 0x00007ffb6e4e6000 	C:\WINDOWS\System32\combase.dll
0x00007ffb6d620000 - 0x00007ffb6d692000 	C:\WINDOWS\System32\bcryptPrimitives.dll
0x00007ffb6ee10000 - 0x00007ffb6ee3d000 	C:\WINDOWS\System32\IMM32.DLL
0x00007ffb56a60000 - 0x00007ffb56b0b000 	C:\Program Files\McAfee\Host Intrusion Prevention\HcApi.dll
0x00007ffb6dbb0000 - 0x00007ffb6dc09000 	C:\WINDOWS\System32\WINTRUST.dll
0x00007ffb6ccb0000 - 0x00007ffb6ccc2000 	C:\WINDOWS\System32\MSASN1.dll
0x00007ffb6dc10000 - 0x00007ffb6ddde000 	C:\WINDOWS\System32\CRYPT32.dll
0x0000000070830000 - 0x000000007083c000 	C:\Program Files\McAfee\Host Intrusion Prevention\HcThe.dll
0x00007ffb53ce0000 - 0x00007ffb53d03000 	C:\Program Files\McAfee\Host Intrusion Prevention\HIPHandlers64.dll
0x00007ffb6ea70000 - 0x00007ffb6eac1000 	C:\WINDOWS\System32\SHLWAPI.dll
0x0000000071800000 - 0x00000000718d2000 	C:\Program Files\Java\jdk1.8.0_144\jre\bin\msvcr100.dll
0x000000006f630000 - 0x000000006fecd000 	C:\Program Files\Java\jdk1.8.0_144\jre\bin\server\jvm.dll
0x00007ffb6ec90000 - 0x00007ffb6ec98000 	C:\WINDOWS\System32\PSAPI.DLL
0x00007ffb67c40000 - 0x00007ffb67c4a000 	C:\WINDOWS\SYSTEM32\VERSION.dll
0x00007ffb64760000 - 0x00007ffb64769000 	C:\WINDOWS\SYSTEM32\WSOCK32.dll
0x00007ffb6ab50000 - 0x00007ffb6ab73000 	C:\WINDOWS\SYSTEM32\WINMM.dll
0x00007ffb6e5a0000 - 0x00007ffb6e60c000 	C:\WINDOWS\System32\WS2_32.dll
0x00007ffb6aaf0000 - 0x00007ffb6ab1a000 	C:\WINDOWS\SYSTEM32\WINMMBASE.dll
0x00007ffb6d6a0000 - 0x00007ffb6d6ea000 	C:\WINDOWS\System32\cfgmgr32.dll
0x00000000717f0000 - 0x00000000717ff000 	C:\Program Files\Java\jdk1.8.0_144\jre\bin\verify.dll
0x00000000717c0000 - 0x00000000717e9000 	C:\Program Files\Java\jdk1.8.0_144\jre\bin\java.dll
0x0000000071690000 - 0x00000000716c5000 	C:\Program Files\Java\jdk1.8.0_144\jre\bin\jdwp.dll
0x0000000071680000 - 0x0000000071688000 	C:\Program Files\Java\jdk1.8.0_144\jre\bin\npt.dll
0x00000000717a0000 - 0x00000000717b6000 	C:\Program Files\Java\jdk1.8.0_144\jre\bin\zip.dll
0x00007ffb6ee40000 - 0x00007ffb70278000 	C:\WINDOWS\System32\SHELL32.dll
0x00007ffb70830000 - 0x00007ffb708d6000 	C:\WINDOWS\System32\shcore.dll
0x00007ffb6ced0000 - 0x00007ffb6d617000 	C:\WINDOWS\System32\windows.storage.dll
0x00007ffb6ccd0000 - 0x00007ffb6cce1000 	C:\WINDOWS\System32\kernel.appcore.dll
0x00007ffb6cc60000 - 0x00007ffb6ccac000 	C:\WINDOWS\System32\powrprof.dll
0x00007ffb6ccf0000 - 0x00007ffb6cd0b000 	C:\WINDOWS\System32\profapi.dll
0x0000000071670000 - 0x0000000071679000 	C:\Program Files\Java\jdk1.8.0_144\jre\bin\dt_socket.dll
0x00007ffb651a0000 - 0x00007ffb651b6000 	C:\WINDOWS\system32\napinsp.dll
0x00007ffb65180000 - 0x00007ffb6519a000 	C:\WINDOWS\system32\pnrpnsp.dll
0x00007ffb6ab80000 - 0x00007ffb6ab98000 	C:\WINDOWS\system32\NLAapi.dll
0x00007ffb6c1a0000 - 0x00007ffb6c206000 	C:\WINDOWS\System32\mswsock.dll
0x00007ffb6bf70000 - 0x00007ffb6c026000 	C:\WINDOWS\SYSTEM32\DNSAPI.dll
0x00007ffb70700000 - 0x00007ffb70708000 	C:\WINDOWS\System32\NSI.dll
0x00007ffb6bf30000 - 0x00007ffb6bf69000 	C:\WINDOWS\SYSTEM32\IPHLPAPI.DLL
0x00007ffb651c0000 - 0x00007ffb651ce000 	C:\WINDOWS\System32\winrnr.dll
0x00007ffb68520000 - 0x00007ffb68590000 	C:\WINDOWS\System32\fwpuclnt.dll
0x00007ffb6c720000 - 0x00007ffb6c745000 	C:\WINDOWS\SYSTEM32\bcrypt.dll
0x00007ffb67830000 - 0x00007ffb6783a000 	C:\Windows\System32\rasadhlp.dll
0x000000005ece0000 - 0x000000005ed31000 	C:\Users\ymok\Documents\world-research\lib\natives\windows\lwjgl64.dll
0x00007ffb4a0a0000 - 0x00007ffb4a1be000 	C:\WINDOWS\SYSTEM32\OPENGL32.dll
0x00007ffb5a170000 - 0x00007ffb5a19c000 	C:\WINDOWS\SYSTEM32\GLU32.dll
0x00007ffb6af80000 - 0x00007ffb6b015000 	C:\WINDOWS\system32\uxtheme.dll
0x00007ffb6eca0000 - 0x00007ffb6ee07000 	C:\WINDOWS\System32\MSCTF.dll
0x00007ffb6e9a0000 - 0x00007ffb6ea64000 	C:\WINDOWS\System32\OLEAUT32.dll
0x00007ffb59790000 - 0x00007ffb599a5000 	C:\Program Files\NVIDIA Corporation\nview\nViewH64.dll
0x00007ffb6def0000 - 0x00007ffb6e039000 	C:\WINDOWS\System32\ole32.dll
0x00007ffb6b180000 - 0x00007ffb6b1aa000 	C:\WINDOWS\SYSTEM32\dwmapi.dll
0x00007ffb6b9c0000 - 0x00007ffb6b9f1000 	C:\WINDOWS\SYSTEM32\ntmarta.dll
0x000000006d3f0000 - 0x000000006f62b000 	C:\WINDOWS\System32\DriverStore\FileRepository\nv_dispi.inf_amd64_048172e9d7cc483d\nvoglv64.dll
0x00007ffb70280000 - 0x00007ffb706ce000 	C:\WINDOWS\System32\SETUPAPI.dll
0x00007ffb69520000 - 0x00007ffb69533000 	C:\WINDOWS\SYSTEM32\WTSAPI32.dll
0x00007ffb6ca70000 - 0x00007ffb6ca97000 	C:\WINDOWS\SYSTEM32\DEVOBJ.dll
0x000000005f1b0000 - 0x000000005f2d9000 	C:\WINDOWS\SYSTEM32\fsw21dj3.dll
0x00007ffb6dde0000 - 0x00007ffb6deea000 	C:\WINDOWS\System32\COMDLG32.dll
0x00007ffb65220000 - 0x00007ffb6528e000 	C:\WINDOWS\SYSTEM32\OLEACC.dll
0x00007ffb654d0000 - 0x00007ffb6566c000 	C:\WINDOWS\WinSxS\amd64_microsoft.windows.gdiplus_6595b64144ccf1df_1.1.16299.1087_none_407b679bb4f80385\gdiplus.dll
0x00007ffb6cb90000 - 0x00007ffb6cbb9000 	C:\WINDOWS\SYSTEM32\USERENV.dll
0x00007ffb63d30000 - 0x00007ffb63d47000 	C:\WINDOWS\SYSTEM32\NETAPI32.dll
0x00007ffb63b80000 - 0x00007ffb63b9b000 	C:\WINDOWS\SYSTEM32\MPR.dll
0x00007ffb6c030000 - 0x00007ffb6c03e000 	C:\WINDOWS\SYSTEM32\NETUTILS.DLL
0x00007ffb67f70000 - 0x00007ffb67f88000 	C:\WINDOWS\SYSTEM32\SAMCLI.DLL
0x000000005efb0000 - 0x000000005f050000 	C:\WINDOWS\SYSTEM32\fsw21dj6.dll
0x00007ffb5d760000 - 0x00007ffb5d7f8000 	C:\WINDOWS\System32\TextInputFramework.dll
0x00007ffb66e70000 - 0x00007ffb6715e000 	C:\WINDOWS\System32\CoreUIComponents.dll
0x00007ffb6a260000 - 0x00007ffb6a33c000 	C:\WINDOWS\System32\CoreMessaging.dll
0x00007ffb68110000 - 0x00007ffb68246000 	C:\WINDOWS\SYSTEM32\wintypes.dll
0x00007ffb61a00000 - 0x00007ffb61a97000 	C:\WINDOWS\SYSTEM32\mscms.dll
0x00007ffb59620000 - 0x00007ffb59661000 	C:\WINDOWS\SYSTEM32\icm32.dll
0x00007ffb6ebf0000 - 0x00007ffb6ec8e000 	C:\WINDOWS\System32\clbcatq.dll
0x00007ffb557b0000 - 0x00007ffb5581d000 	C:\Windows\System32\OneCoreCommonProxyStub.dll
0x00007ffb51490000 - 0x00007ffb51524000 	C:\Windows\System32\ActXPrxy.dll
0x00007ffb6bae0000 - 0x00007ffb6bb35000 	C:\WINDOWS\SYSTEM32\WINSTA.dll
0x00007ffb57600000 - 0x00007ffb578ba000 	C:\Windows\System32\IME\IMEJP\imjptip.dll
0x00007ffb5e710000 - 0x00007ffb5e9af000 	C:\WINDOWS\SYSTEM32\iertutil.dll
0x00007ffb68790000 - 0x00007ffb68941000 	C:\WINDOWS\SYSTEM32\PROPSYS.dll
0x00007ffb57380000 - 0x00007ffb575ba000 	C:\Windows\System32\IME\IMEJP\imjpapi.dll
0x00007ffb57300000 - 0x00007ffb57340000 	C:\Windows\System32\IME\shared\imjkapi.dll
0x00007ffb669e0000 - 0x00007ffb66a5a000 	C:\WINDOWS\SYSTEM32\policymanager.dll
0x00007ffb66940000 - 0x00007ffb669d0000 	C:\WINDOWS\SYSTEM32\msvcp110_win.dll
0x00007ffb6abb0000 - 0x00007ffb6ac52000 	C:\Windows\System32\IME\IMEJP\imjppred.dll
0x00007ffb5dbd0000 - 0x00007ffb5dd20000 	C:\Windows\System32\IME\shared\imetip.dll
0x00007ffb5ab10000 - 0x00007ffb5acbe000 	C:\WINDOWS\SYSTEM32\DUI70.dll
0x00007ffb5db90000 - 0x00007ffb5dbc9000 	C:\Windows\System32\IME\shared\imecfm.dll
0x00007ffb6c9b0000 - 0x00007ffb6ca6d000 	C:\WINDOWS\SYSTEM32\wer.dll
0x00007ffb5db70000 - 0x00007ffb5db8f000 	C:\Windows\System32\IME\SHARED\imesearchdll.dll
0x0000000070690000 - 0x0000000070828000 	C:\Program Files\Java\jdk1.8.0_144\jre\bin\awt.dll
0x00007ffb6aa60000 - 0x00007ffb6aae8000 	C:\WINDOWS\SYSTEM32\apphelp.dll
0x0000000071620000 - 0x0000000071667000 	C:\Program Files\Java\jdk1.8.0_144\jre\bin\fontmanager.dll
0x00007ffb65cd0000 - 0x00007ffb65e65000 	C:\WINDOWS\system32\d3d9.dll
0x00007ffb65040000 - 0x00007ffb6512b000 	C:\WINDOWS\System32\DriverStore\FileRepository\nv_dispi.inf_amd64_048172e9d7cc483d\nvldumdx.dll
0x00007ffb6e7b0000 - 0x00007ffb6e7cd000 	C:\WINDOWS\System32\imagehlp.dll
0x00007ffb6c990000 - 0x00007ffb6c9a7000 	C:\WINDOWS\SYSTEM32\CRYPTSP.dll
0x00007ffb6bda0000 - 0x00007ffb6bdd3000 	C:\WINDOWS\system32\rsaenh.dll
0x00007ffb6c360000 - 0x00007ffb6c36b000 	C:\WINDOWS\SYSTEM32\CRYPTBASE.dll
0x00007ffb20150000 - 0x00007ffb2135d000 	C:\WINDOWS\System32\DriverStore\FileRepository\nv_dispi.inf_amd64_048172e9d7cc483d\nvd3dumx.dll
0x00007ffb62140000 - 0x00007ffb6222c000 	C:\Program Files (x86)\NVIDIA Corporation\3D Vision\nvSCPAPI64.dll
0x0000000071780000 - 0x000000007179a000 	C:\Program Files\Java\jdk1.8.0_144\jre\bin\net.dll
0x0000000071760000 - 0x0000000071771000 	C:\Program Files\Java\jdk1.8.0_144\jre\bin\nio.dll
0x00000000715d0000 - 0x0000000071612000 	C:\Program Files\Java\jdk1.8.0_144\jre\bin\t2k.dll
0x00007ffb6c750000 - 0x00007ffb6c918000 	C:\WINDOWS\SYSTEM32\dbghelp.dll

VM Arguments:
jvm_args: -Xdebug -Xnoagent -Djava.compiler=NONE -Xrunjdwp:transport=dt_socket,address=localhost:50833,server=n,suspend=y -Djava.library.path=../../lib/natives/windows -Dfile.encoding=UTF-8 
java_command: App
java_class_path (initial): C:\Users\ymok\Documents\world-research\archives\wrld1\bin\main;C:\Users\ymok\Documents\world-research\archives\wrld1\bin\test;C:\Users\ymok\.gradle\caches\modules-2\files-2.1\junit\junit\4.12\2973d150c0dc1fefe998f834810d68f278ea58ec\junit-4.12.jar;C:\Users\ymok\.gradle\caches\modules-2\files-2.1\org.hamcrest\hamcrest-core\1.3\42a25dc3219429f0e5d060061f71acb49bf010a0\hamcrest-core-1.3.jar;C:\Users\ymok\Documents\world-research\lib\jar\AppleJavaExtensions.jar;C:\Users\ymok\Documents\world-research\lib\jar\asm-debug-all.jar;C:\Users\ymok\Documents\world-research\lib\jar\jinput.jar;C:\Users\ymok\Documents\world-research\lib\jar\lwjgl-debug.jar;C:\Users\ymok\Documents\world-research\lib\jar\lwjgl.jar;C:\Users\ymok\Documents\world-research\lib\jar\lwjgl_test.jar;C:\Users\ymok\Documents\world-research\lib\jar\lwjgl_util.jar;C:\Users\ymok\Documents\world-research\lib\jar\lwjgl_util_applet.jar;C:\Users\ymok\Documents\world-research\lib\jar\lzma.jar;C:\Users\ymok\Documents\world-research\lib\jar\PNGDecoder.jar;C:\Users\ymok\Documents\world-research\lib\jar\slick-util.jar
Launcher Type: SUN_STANDARD

Environment Variables:
JAVA_HOME=C:\Program Files\Java\jdk1.8.0_144
USERNAME=ymok
OS=Windows_NT
PROCESSOR_IDENTIFIER=Intel64 Family 6 Model 79 Stepping 1, GenuineIntel



---------------  S Y S T E M  ---------------

OS: Windows 10.0 , 64 bit Build 16299 (10.0.16299.1087)

CPU:total 8 (initial active 8) (4 cores per cpu, 2 threads per core) family 6 model 79 stepping 1, cmov, cx8, fxsr, mmx, sse, sse2, sse3, ssse3, sse4.1, sse4.2, popcnt, avx, avx2, aes, clmul, erms, rtm, 3dnowpref, lzcnt, ht, tsc, tscinvbit, bmi1, bmi2, adx

Memory: 4k page, physical 134083668k(123802268k free), swap 226243668k(212905004k free)

vm_info: Java HotSpot(TM) 64-Bit Server VM (25.144-b01) for windows-amd64 JRE (1.8.0_144-b01), built on Jul 21 2017 21:57:33 by "java_re" with MS VC++ 10.0 (VS2010)

time: Tue Jun 04 12:11:09 2019
elapsed time: 2 seconds (0d 0h 0m 2s)

